{"level":"error","mensaje":"Error while trying to getById(finalizar) in containerChat"}
{"level":"error","mensaje":"Error while trying to getById(63f62ee60ca2437cd495331c) in containerChat"}
{"level":"error","mensaje":"Error while trying to getById(63f62ee60ca2437cd495331c) in memDAO"}
{"level":"error","mensaje":"Error while trying to save([object Object]) in memDAO"}
{"level":"error","mensaje":"Error while trying to save([object Object]) in memDAO"}
{"level":"error","mensaje":"Error while trying to save([object Object]) in memDAO"}
{"level":"error","mensaje":"Error while trying to save([object Object]) in memDAO"}
{"level":"error","mensaje":"Error while trying to save([object Object]) in memDAO"}
{"level":"error","mensaje":"Error while trying to save([object Object]) in memDAO"}
{"level":"error","mensaje":"Error while trying to save([object Object]) in memDAO"}
{"level":"error","mensaje":"Error while trying to save([object Object]) in memDAO"}
{"level":"error","mensaje":"Error while trying to save([object Object]) in containerChat"}
{"level":"error","mensaje":"Error while trying to save([object Object]) in containerChat"}
{"level":"error","mensaje":"Error while trying to save([object Object]) in containerChat"}
{"level":"error","mensaje":"Error while trying to save([object Object]) in containerChat"}
{"level":"error","mensaje":"Error while trying to save([object Object]) in containerChat"}
{"level":"error","mensaje":"Error while trying to save([object Object]) in containerChat"}
{"level":"error","mensaje":"Error while trying to save([object Object]) in containerChat"}
{"level":"error","mensaje":"Error while trying to save([object Object]) in containerChat"}
{"level":"error","mensaje":"Error while trying to save([object Object]) in containerChat"}
{"level":"error","mensaje":"Error while trying to save([object Object]) in containerChat"}
{"level":"error","mensaje":"Error while trying to save([object Object]) in containerChat"}
{"level":"error","mensaje":"Error while trying to save([object Object]) in containerChat"}
{"level":"error","mensaje":"Error while trying to save([object Object]) in containerChat"}
{"level":"error","mensaje":"Error while trying to save([object Object]) in containerChat"}
{"level":"error","mensaje":"Error while trying to save([object Object]) in containerChat"}
{"level":"error","mensaje":"Error while trying to save([object Object]) in containerChat"}
{"level":"error","mensaje":"Error while trying to save([object Object]) in containerChat"}
