{"level":"warn","message":{"metodo":"GET","path":"/alt=%22Avatar%22"}}
{"level":"warn","message":{"metodo":"GET","path":"/alt=%22Avatar%22"}}
{"level":"warn","message":{"metodo":"GET","path":"/alt=%22Avatar%22"}}
{"level":"warn","message":{"metodo":"GET","path":"/alt=%22Avatar%22"}}
{"level":"warn","message":{"metodo":"GET","path":"/alt=%22Avatar%22"}}
{"level":"warn","message":{"metodo":"GET","path":"/alt=%22Avatar%22"}}
{"level":"warn","message":{"metodo":"GET","path":"/alt=%22Avatar%22"}}
{"level":"warn","message":{"metodo":"GET","path":"/alt=%22Avatar%22"}}
{"level":"warn","message":{"metodo":"GET","path":"/alt=%22Avatar%22"}}
{"level":"warn","message":{"metodo":"GET","path":"/alt=%22Avatar%22"}}
{"level":"warn","message":{"metodo":"GET","path":"/alt=%22Avatar%22"}}
{"level":"warn","message":{"metodo":"GET","path":"/alt=%22Avatar%22"}}
{"level":"warn","message":{"metodo":"GET","path":"/alt=%22Avatar%22"}}
{"level":"warn","message":{"metodo":"GET","path":"/alt=%22Avatar%22"}}
{"level":"warn","message":{"metodo":"GET","path":"/alt=%22Avatar%22"}}
{"level":"warn","message":{"metodo":"GET","path":"/alt=%22Avatar%22"}}
{"level":"warn","message":{"metodo":"GET","path":"/carrito/63a0f17c8aaccaeee1ff31e9"}}
{"level":"warn","message":{"metodo":"GET","path":"/carrito/63a0f17c8aaccaeee1ff31e9"}}
{"level":"warn","message":{"metodo":"GET","path":"/"}}
{"level":"warn","message":{"metodo":"GET","path":"/api/usuarios"}}
{"level":"warn","message":{"metodo":"GET","path":"/favicon.ico"}}
{"level":"warn","message":{"metodo":"GET","path":"/api/usuarios/socketClient.js"}}
{"level":"warn","message":{"metodo":"GET","path":"/productos"}}
{"level":"warn","message":{"metodo":"GET","path":"/"}}
{"level":"warn","message":{"metodo":"GET","path":"/productos-test"}}
{"level":"warn","message":{"metodo":"GET","path":"/user-info"}}
{"level":"warn","message":{"metodo":"GET","path":"/"}}
{"level":"warn","message":{"metodo":"GET","path":"/"}}
{"level":"warn","message":{"metodo":"GET","path":"/api/usuarios/socketClient.js"}}
{"level":"warn","message":{"metodo":"GET","path":"/api/usuarios/socketClient.js"}}
{"level":"warn","message":{"metodo":"GET","path":"/api/socketClient.js"}}
{"level":"warn","message":{"metodo":"GET","path":"/api/productos/socketClient.js"}}
{"level":"warn","message":{"metodo":"GET","path":"/api/productos/socketClient.js"}}
{"level":"warn","message":{"metodo":"GET","path":"/api/productos/socketClient.js"}}
{"level":"warn","message":{"metodo":"GET","path":"/api/socketClient.js"}}
{"level":"warn","message":{"metodo":"GET","path":"/api/usuarios/socketClient.js"}}
{"level":"warn","message":{"metodo":"GET","path":"/api/usuarios/alt=%22Avatar%22"}}
{"level":"warn","message":{"metodo":"GET","path":"/api/usuarios/alt=%22Avatar%22"}}
{"level":"warn","message":{"metodo":"GET","path":"/api/usuarios/socketClient.js"}}
{"level":"warn","message":{"metodo":"GET","path":"/api/usuarios/alt=%22Avatar%22"}}
{"level":"warn","message":{"metodo":"GET","path":"/api/usuarios/socketClient.js"}}
{"level":"warn","message":{"metodo":"GET","path":"/api/usuarios/socketClient.js"}}
{"level":"warn","message":{"metodo":"GET","path":"/api/usuarios/socketClient.js"}}
{"level":"warn","message":{"metodo":"GET","path":"/api/usuarios/socketClient.js"}}
{"level":"warn","message":{"metodo":"GET","path":"/api/usuarios/socketClient.js"}}
{"level":"warn","message":{"metodo":"GET","path":"/api/usuarios/socketClient.js"}}
{"level":"warn","message":{"metodo":"GET","path":"/api/usuarios/socketClient.js"}}
{"level":"warn","message":{"metodo":"GET","path":"/public/socketClient.js"}}
{"level":"warn","message":{"metodo":"GET","path":"/public/socketClient.js"}}
{"level":"warn","message":{"metodo":"GET","path":"/public/socketClient.js"}}
{"level":"warn","message":{"metodo":"GET","path":"/api/usuarios/socketClient.js"}}
{"level":"warn","message":{"metodo":"GET","path":"/api/usuarios/socketClient.js"}}
{"level":"warn","message":{"metodo":"GET","path":"/api/usuarios/socketClient.js"}}
{"level":"warn","message":{"metodo":"GET","path":"/api/usuarios/socketClient.js"}}
{"level":"warn","message":{"metodo":"GET","path":"/api/usuarios/socketClient.js"}}
{"level":"warn","message":{"metodo":"GET","path":"/api/usuarios/socketClient.js"}}
{"level":"warn","message":{"metodo":"GET","path":"/api/usuarios/socketClient.js"}}
{"level":"warn","message":{"metodo":"GET","path":"/api/usuarios/socketClient.js"}}
{"level":"warn","message":{"metodo":"GET","path":"/api/usuarios/socketClient.js"}}
{"level":"warn","message":{"metodo":"GET","path":"/api/usuarios/socketClient.js"}}
{"level":"warn","message":{"metodo":"GET","path":"/api/usuarios/socketClient.js"}}
{"level":"warn","message":{"metodo":"GET","path":"/socketClient.js"}}
{"level":"warn","message":{"metodo":"GET","path":"/socket.io/"}}
{"level":"warn","message":{"metodo":"GET","path":"/socket.io/"}}
{"level":"warn","message":{"metodo":"GET","path":"/socket.io/"}}
{"level":"warn","message":{"metodo":"GET","path":"/socket.io/"}}
{"level":"warn","message":{"metodo":"GET","path":"/socket.io/"}}
{"level":"warn","message":{"metodo":"GET","path":"/socket.io/"}}
{"level":"warn","message":{"metodo":"GET","path":"/socket.io/"}}
{"level":"warn","message":{"metodo":"GET","path":"/socket.io/"}}
{"level":"warn","message":{"metodo":"GET","path":"/socket.io/"}}
{"level":"warn","message":{"metodo":"GET","path":"/socket.io/"}}
{"level":"warn","message":{"metodo":"GET","path":"/socket.io/"}}
{"level":"warn","message":{"metodo":"GET","path":"/api/usuarios/alt=%22Avatar%22"}}
{"level":"warn","message":{"metodo":"GET","path":"/api/usuarios/alt=%22Avatar%22"}}
{"level":"warn","message":{"metodo":"GET","path":"/api/usuarios/alt=%22Avatar%22"}}
{"level":"warn","message":{"metodo":"GET","path":"/loginError"}}
{"level":"warn","message":{"metodo":"GET","path":"/loginError"}}
{"level":"warn","message":{"metodo":"GET","path":"/loginError"}}
{"level":"warn","message":{"metodo":"GET","path":"/"}}
{"level":"warn","message":{"metodo":"GET","path":"/api/usuarios/alt=%22Avatar%22"}}
{"level":"warn","message":{"metodo":"GET","path":"/api/usuarios/alt=%22Avatar%22"}}
{"level":"warn","message":{"metodo":"GET","path":"/api/usuarios/alt=%22Avatar%22"}}
{"level":"warn","message":{"metodo":"GET","path":"/api/usuarios/alt=%22Avatar%22"}}
{"level":"warn","message":{"metodo":"GET","path":"/"}}
{"level":"warn","message":{"metodo":"GET","path":"/login"}}
